%Warning: System has stack size 8176 kb which may be too small; failed to request more using 'ulimit -s 169823779'
-Info: tb_uvm/tb_top.sv:51: $dumpvar ignored, as Verilated without --trace
UVM_INFO /Users/avishas/developer/oss/uvm-core/src/base/uvm_root.svh(476) @ 0: reporter [UVM/RELNOTES] 
  ***********       IMPORTANT RELEASE NOTES         ************

  This implementation of the UVM Library deviates from the 1800.2-2020
  standard.  See the DEVIATIONS.md file contained in the release
  for more details.

----------------------------------------------------------------
Accellera:1800.2:UVM:2020.3.1

All copyright owners for this kit are listed in NOTICE.txt
All Rights Reserved Worldwide
----------------------------------------------------------------

      (Specify +UVM_NO_RELNOTES to turn off this notice)

UVM_WARNING /Users/avishas/developer/oss/uvm-core/src/base/uvm_root.svh(549) @ 0: reporter [NO_DPI_USED] We are thinking of removing support for UVM_NO_DPI.  Please try this test without it and evaluate the impact
UVM_INFO /Users/avishas/developer/oss/uvm-core/src/base/uvm_root.svh(552) @ 0: reporter [NO_DPI_TSTNAME] UVM_NO_DPI defined--getting UVM_TESTNAME directly, without DPI
UVM_INFO @ 0: reporter [RNTST] Running test fifo_test...
UVM_INFO /Users/avishas/developer/oss/uvm-core/src/base/uvm_traversal.svh(345) @ 0: reporter [UVM/COMP/NAMECHECK] This implementation of the component name checks requires DPI to be enabled
UVM_WARNING /Users/avishas/developer/oss/uvm-core/src/base/uvm_traversal.svh(314) @ 0: reporter [NO_VISIT_CHECK] Because UVM_REGEX_NO_DPI is defined, no uvm component name constraints will be checked
UVM_INFO tb_uvm/fifo_pkg.sv(238) @ 20245000: uvm_test_top.env.scoreboard [SCB] checks=1326 errors=0
UVM_INFO tb_uvm/fifo_pkg.sv(240) @ 20245000: uvm_test_top.env.scoreboard [SCB] RESULT: PASS
UVM_INFO /Users/avishas/developer/oss/uvm-core/src/base/uvm_report_server.svh(1009) @ 20245000: reporter [UVM/REPORT/SERVER] 
--- UVM Report Summary ---

** Report counts by severity
UVM_INFO :    6
UVM_WARNING :    2
UVM_ERROR :    0
UVM_FATAL :    0
** Report counts by id
[NO_DPI_TSTNAME]     1
[NO_DPI_USED]     1
[NO_VISIT_CHECK]     1
[RNTST]     1
[SCB]     2
[UVM/COMP/NAMECHECK]     1
[UVM/RELNOTES]     1

- /Users/avishas/developer/oss/uvm-core/src/base/uvm_root.svh:633: Verilog $finish
- S i m u l a t i o n   R e p o r t: Verilator 5.050 2026-07-01
- Verilator: $finish at 20us; walltime 1.519 s; speed 13.326 us/s
- Verilator: cpu 0.072 s on 1 threads; allocated 14 MB
